<?xml version="1.0" encoding="UTF-8"?>
<!-- Generated by org.testng.reporters.JUnitXMLReporter -->
<testsuite ignored="0" hostname="JOGM01T0NJ" failures="0" tests="9" name="Test" time="10.739" errors="0" timestamp="2024-03-24T13:22:25 AST">
  <testcase classname="api.test.HealtTests" name="createuser" time="3.636"/>
  <testcase classname="api.test.UserTests" name="createuser" time="0.976"/>
  <testcase classname="api.test.UserTests" name="userlogin" time="1.752"/>
  <testcase classname="api.test.UserTests" name="updateprofile" time="0.658"/>
  <testcase classname="api.test.UserTests" name="changepassword" time="0.822"/>
  <testcase classname="api.test.NoteTests" name="createNote" time="0.5"/>
  <testcase classname="api.test.NoteTests" name="getAllNotes" time="1.05"/>
  <testcase classname="api.test.NoteTests" name="updateNote" time="0.477"/>
  <testcase classname="api.test.NoteTests" name="deleteNote" time="0.478"/>
</testsuite> <!-- Test -->
