<?xml version="1.0" encoding="UTF-8"?>
<!-- Generated by org.testng.reporters.JUnitXMLReporter -->
<testsuite ignored="0" hostname="JOGM01T0NJ" failures="0" tests="9" name="Test" time="13.645" errors="0" timestamp="2024-03-21T11:45:10 AST">
  <testcase classname="api.test.HealtTests" name="createuser" time="4.311"/>
  <testcase classname="api.test.UserTests" name="createuser" time="1.574"/>
  <testcase classname="api.test.UserTests" name="userlogin" time="2.284"/>
  <testcase classname="api.test.UserTests" name="updateprofile" time="0.593"/>
  <testcase classname="api.test.UserTests" name="changepassword" time="0.809"/>
  <testcase classname="api.test.NoteTests" name="createNote" time="0.8"/>
  <testcase classname="api.test.NoteTests" name="getAllNotes" time="1.175"/>
  <testcase classname="api.test.NoteTests" name="updateNote" time="0.953"/>
  <testcase classname="api.test.NoteTests" name="deleteNote" time="0.569"/>
</testsuite> <!-- Test -->
