<?xml version="1.0" encoding="UTF-8"?>
<testng-results ignored="0" total="9" passed="9" failed="0" skipped="0">
  <reporter-output>
  </reporter-output>
  <suite started-at="2024-03-24T13:22:14 AST" name="Suite" finished-at="2024-03-24T13:22:25 AST" duration-ms="10739">
    <groups>
    </groups>
    <test started-at="2024-03-24T13:22:14 AST" name="Test" finished-at="2024-03-24T13:22:25 AST" duration-ms="10739">
      <class name="api.test.HealtTests">
        <test-method signature="createuser()[pri:0, instance:api.test.HealtTests@66982506]" started-at="2024-03-24T13:22:14 AST" name="createuser" description="Verify that the API is healthy" finished-at="2024-03-24T13:22:18 AST" duration-ms="3636" status="PASS">
          <reporter-output>
          </reporter-output>
        </test-method> <!-- createuser -->
      </class> <!-- api.test.HealtTests -->
      <class name="api.test.NoteTests">
        <test-method is-config="true" signature="setupData()[pri:0, instance:api.test.NoteTests@d554c5f]" started-at="2024-03-24T13:22:22 AST" name="setupData" finished-at="2024-03-24T13:22:22 AST" duration-ms="27" status="PASS">
          <reporter-output>
          </reporter-output>
        </test-method> <!-- setupData -->
        <test-method signature="createNote()[pri:1, instance:api.test.NoteTests@d554c5f]" started-at="2024-03-24T13:22:22 AST" name="createNote" description="Create a note and verify it’s created successfully" finished-at="2024-03-24T13:22:23 AST" duration-ms="500" status="PASS">
          <reporter-output>
          </reporter-output>
        </test-method> <!-- createNote -->
        <test-method signature="getAllNotes()[pri:2, instance:api.test.NoteTests@d554c5f]" started-at="2024-03-24T13:22:23 AST" name="getAllNotes" description="Create a note and verify it’s added to the list of all notes" finished-at="2024-03-24T13:22:24 AST" duration-ms="1050" status="PASS">
          <reporter-output>
          </reporter-output>
        </test-method> <!-- getAllNotes -->
        <test-method signature="updateNote()[pri:3, instance:api.test.NoteTests@d554c5f]" started-at="2024-03-24T13:22:24 AST" name="updateNote" description="Update a note and verify it’s updated successfully" finished-at="2024-03-24T13:22:24 AST" duration-ms="477" status="PASS">
          <reporter-output>
          </reporter-output>
        </test-method> <!-- updateNote -->
        <test-method signature="deleteNote()[pri:4, instance:api.test.NoteTests@d554c5f]" started-at="2024-03-24T13:22:24 AST" name="deleteNote" description="Delete a note and verify it’s deleted successfully" finished-at="2024-03-24T13:22:25 AST" duration-ms="478" status="PASS">
          <reporter-output>
          </reporter-output>
        </test-method> <!-- deleteNote -->
      </class> <!-- api.test.NoteTests -->
      <class name="api.test.UserTests">
        <test-method is-config="true" signature="setupData()[pri:0, instance:api.test.UserTests@68c9d179]" started-at="2024-03-24T13:22:18 AST" name="setupData" finished-at="2024-03-24T13:22:18 AST" duration-ms="198" status="PASS">
          <reporter-output>
          </reporter-output>
        </test-method> <!-- setupData -->
        <test-method signature="createuser()[pri:1, instance:api.test.UserTests@68c9d179]" started-at="2024-03-24T13:22:18 AST" name="createuser" description="Register a new user and verify it’s created" finished-at="2024-03-24T13:22:19 AST" duration-ms="976" status="PASS">
          <reporter-output>
          </reporter-output>
        </test-method> <!-- createuser -->
        <test-method signature="userlogin()[pri:2, instance:api.test.UserTests@68c9d179]" started-at="2024-03-24T13:22:19 AST" name="userlogin" description="Log in with a user and verify the profile information" finished-at="2024-03-24T13:22:21 AST" duration-ms="1752" status="PASS">
          <reporter-output>
          </reporter-output>
        </test-method> <!-- userlogin -->
        <test-method signature="updateprofile()[pri:3, instance:api.test.UserTests@68c9d179]" started-at="2024-03-24T13:22:21 AST" name="updateprofile" description="Update profile information and verify it’s updated successfully" finished-at="2024-03-24T13:22:22 AST" duration-ms="658" status="PASS">
          <reporter-output>
          </reporter-output>
        </test-method> <!-- updateprofile -->
        <test-method signature="changepassword()[pri:4, instance:api.test.UserTests@68c9d179]" started-at="2024-03-24T13:22:22 AST" name="changepassword" description="Change the password and verify it’s updated successfully" finished-at="2024-03-24T13:22:22 AST" duration-ms="822" status="PASS">
          <reporter-output>
          </reporter-output>
        </test-method> <!-- changepassword -->
      </class> <!-- api.test.UserTests -->
    </test> <!-- Test -->
  </suite> <!-- Suite -->
</testng-results>
